c:\users\craig\desktop\programming\tutorials\complete\dx11\dx11tut02\engine\engine\debug\graphicsclass.obj
c:\users\craig\desktop\programming\tutorials\complete\dx11\dx11tut02\engine\engine\debug\inputclass.obj
c:\users\craig\desktop\programming\tutorials\complete\dx11\dx11tut02\engine\engine\debug\main.obj
c:\users\craig\desktop\programming\tutorials\complete\dx11\dx11tut02\engine\engine\debug\systemclass.obj
c:\users\craig\desktop\programming\tutorials\complete\dx11\dx11tut02\engine\engine\debug\vc100.pdb
c:\users\craig\desktop\programming\tutorials\complete\dx11\dx11tut02\engine\debug\engine.ilk
c:\users\craig\desktop\programming\tutorials\complete\dx11\dx11tut02\engine\debug\engine.exe
c:\users\craig\desktop\programming\tutorials\complete\dx11\dx11tut02\engine\engine\debug\engine.exe.intermediate.manifest
c:\users\craig\desktop\programming\tutorials\complete\dx11\dx11tut02\engine\debug\engine.pdb
c:\users\craig\desktop\programming\tutorials\complete\dx11\dx11tut02\engine\engine\debug\engine.exe.embed.manifest
c:\users\craig\desktop\programming\tutorials\complete\dx11\dx11tut02\engine\engine\debug\engine.exe.embed.manifest.res
c:\users\jake\documents\user hub\3 computer and coding\university\at\task 1\test area\dx11tut02\engine\engine\debug\vc141.pdb
c:\users\jake\documents\user hub\3 computer and coding\university\at\task 1\test area\dx11tut02\engine\engine\debug\vc141.idb
c:\users\jake\documents\user hub\3 computer and coding\university\at\task 1\test area\dx11tut02\engine\engine\debug\systemclass.obj
c:\users\jake\documents\user hub\3 computer and coding\university\at\task 1\test area\dx11tut02\engine\engine\debug\main.obj
c:\users\jake\documents\user hub\3 computer and coding\university\at\task 1\test area\dx11tut02\engine\engine\debug\inputclass.obj
c:\users\jake\documents\user hub\3 computer and coding\university\at\task 1\test area\dx11tut02\engine\engine\debug\graphicsclass.obj
c:\users\jake\documents\user hub\3 computer and coding\university\at\task 1\at---1-tut1\engine\engine\debug\vc141.pdb
c:\users\jake\documents\user hub\3 computer and coding\university\at\task 1\at---1-tut1\engine\engine\debug\vc141.idb
c:\users\jake\documents\user hub\3 computer and coding\university\at\task 1\at---1-tut1\engine\engine\debug\systemclass.obj
c:\users\jake\documents\user hub\3 computer and coding\university\at\task 1\at---1-tut1\engine\engine\debug\main.obj
c:\users\jake\documents\user hub\3 computer and coding\university\at\task 1\at---1-tut1\engine\engine\debug\inputclass.obj
c:\users\jake\documents\user hub\3 computer and coding\university\at\task 1\at---1-tut1\engine\engine\debug\graphicsclass.obj
c:\users\jake\documents\user hub\3 computer and coding\university\at\task 1\test area\dx11tut02\engine\debug\engine.exe
c:\users\jake\documents\user hub\3 computer and coding\university\at\task 1\test area\dx11tut02\engine\debug\engine.ilk
c:\users\jake\documents\user hub\3 computer and coding\university\at\task 1\test area\dx11tut02\engine\debug\engine.pdb
c:\users\jake\documents\user hub\3 computer and coding\university\at\task 1\at---1-tut1\engine\debug\engine.exe
c:\users\jake\documents\user hub\3 computer and coding\university\at\task 1\at---1-tut1\engine\debug\engine.ilk
c:\users\jake\documents\user hub\3 computer and coding\university\at\task 1\at---1-tut1\engine\debug\engine.pdb
c:\users\jake\documents\user hub\3 computer and coding\university\at\task 1\at---1-tut1\engine\engine\debug\cl.command.1.tlog
c:\users\jake\documents\user hub\3 computer and coding\university\at\task 1\at---1-tut1\engine\engine\debug\cl.read.1.tlog
c:\users\jake\documents\user hub\3 computer and coding\university\at\task 1\at---1-tut1\engine\engine\debug\cl.write.1.tlog
c:\users\jake\documents\user hub\3 computer and coding\university\at\task 1\at---1-tut1\engine\engine\debug\link-cvtres.read.1.tlog
c:\users\jake\documents\user hub\3 computer and coding\university\at\task 1\at---1-tut1\engine\engine\debug\link-cvtres.write.1.tlog
c:\users\jake\documents\user hub\3 computer and coding\university\at\task 1\at---1-tut1\engine\engine\debug\link.1340-cvtres.read.1.tlog
c:\users\jake\documents\user hub\3 computer and coding\university\at\task 1\at---1-tut1\engine\engine\debug\link.1340-cvtres.write.1.tlog
c:\users\jake\documents\user hub\3 computer and coding\university\at\task 1\at---1-tut1\engine\engine\debug\link.1340.read.1.tlog
c:\users\jake\documents\user hub\3 computer and coding\university\at\task 1\at---1-tut1\engine\engine\debug\link.1340.write.1.tlog
c:\users\jake\documents\user hub\3 computer and coding\university\at\task 1\at---1-tut1\engine\engine\debug\link.command.1.tlog
c:\users\jake\documents\user hub\3 computer and coding\university\at\task 1\at---1-tut1\engine\engine\debug\link.read.1.tlog
c:\users\jake\documents\user hub\3 computer and coding\university\at\task 1\at---1-tut1\engine\engine\debug\link.write.1.tlog
c:\users\jake\documents\user hub\3 computer and coding\university\at\task 1\at---1-tut1\engine\engine\debug\mt.command.1.tlog
c:\users\jake\documents\user hub\3 computer and coding\university\at\task 1\at---1-tut1\engine\engine\debug\mt.read.1.tlog
c:\users\jake\documents\user hub\3 computer and coding\university\at\task 1\at---1-tut1\engine\engine\debug\mt.write.1.tlog
c:\users\jake\documents\user hub\3 computer and coding\university\at\task 1\at---1-tut1\engine\engine\debug\rc.command.1.tlog
c:\users\jake\documents\user hub\3 computer and coding\university\at\task 1\at---1-tut1\engine\engine\debug\rc.read.1.tlog
c:\users\jake\documents\user hub\3 computer and coding\university\at\task 1\at---1-tut1\engine\engine\debug\rc.write.1.tlog
c:\users\jake\documents\user hub\3 computer and coding\university\at\task 1\at---1-tut1\engine\engine\debug\engine.exe.embed.manifest
c:\users\jake\documents\user hub\3 computer and coding\university\at\task 1\at---1-tut1\engine\engine\debug\engine.exe.intermediate.manifest
c:\users\jake\documents\user hub\3 computer and coding\university\at\task 1\at---1-tut1\engine\engine\debug\engine.exe.embed.manifest.res
c:\users\jake\documents\user hub\3 computer and coding\university\at\task 1\at---1-tut1\engine\engine\debug\vc100.idb
c:\users\jake\documents\user hub\3 computer and coding\university\at\task 1\at---1-tut1\engine\engine\debug\vc100.pdb
c:\users\jake\documents\user hub\3 computer and coding\university\at\task 1\at---1-tut1\engine\engine\debug\engine_manifest.rc
c:\users\jake\documents\user hub\3 computer and coding\university\at\task 1\at---1-tut1\engine\engine\debug\engine.tlog\cl.command.1.tlog
c:\users\jake\documents\user hub\3 computer and coding\university\at\task 1\at---1-tut1\engine\engine\debug\engine.tlog\cl.read.1.tlog
c:\users\jake\documents\user hub\3 computer and coding\university\at\task 1\at---1-tut1\engine\engine\debug\engine.tlog\cl.write.1.tlog
c:\users\jake\documents\user hub\3 computer and coding\university\at\task 1\at---1-tut1\engine\engine\debug\engine.tlog\link.command.1.tlog
c:\users\jake\documents\user hub\3 computer and coding\university\at\task 1\at---1-tut1\engine\engine\debug\engine.tlog\link.read.1.tlog
c:\users\jake\documents\user hub\3 computer and coding\university\at\task 1\at---1-tut1\engine\engine\debug\engine.tlog\link.write.1.tlog
